2024-01-31 11:39:20,570 - INFO - New entry: 10.0.0.141, 0E:13:EC:D0:04:87. Date: 2024-01-31 11:39:20
2024-01-31 11:39:21,126 - INFO - New entry: 10.0.0.250, 48:8D:36:51:5B:3F. Date: 2024-01-31 11:39:20
2024-01-31 11:39:21,470 - INFO - New entry: 10.0.0.27, A0:88:69:5E:0C:D1. Date: 2024-01-31 11:39:20
2024-01-31 11:39:21,941 - INFO - Scan complete. Results updated in /root/spoof_fita/network_scan_results_3.json
2024-01-31 11:56:47,237 - INFO - New entry: 10.0.0.250, 48:8D:36:51:5B:3F. Date: 2024-01-31 11:56:47
2024-01-31 11:56:47,835 - INFO - New entry: 10.0.0.27, A0:88:69:5E:0C:D1. Date: 2024-01-31 11:56:47
2024-01-31 11:56:48,304 - INFO - Scan complete. Results updated in /root/spoof_fita/network_scan_results.json
2024-01-31 13:12:20,999 - INFO - Error during scan: [Errno 13] Permission denied: '/root/spoof_fita/network_scan_results.json'
2024-01-31 13:19:28,433 - INFO - New entry: 10.0.0.123, 98:54:1B:C6:05:E8. Date: 2024-01-31 13:19:28
2024-01-31 13:19:28,955 - INFO - New entry: 10.0.0.156, A4:83:E7:C5:16:2A. Date: 2024-01-31 13:19:28
2024-01-31 13:19:29,435 - INFO - New entry: 10.0.0.157, 00:D4:9E:43:0C:C4. Date: 2024-01-31 13:19:28
2024-01-31 13:19:29,719 - INFO - IP in previous results: 10.0.0.250. MAC: 48:8d:36:51:5b:3f. MACn: 48:8d:36:51:5b:3f
2024-01-31 13:19:29,719 - INFO - Updating only date: 2024-01-31 13:19:28
2024-01-31 13:19:29,725 - INFO - IP in previous results: 10.0.0.27. MAC: a0:88:69:5e:0c:d1. MACn: a0:88:69:5e:0c:d1
2024-01-31 13:19:29,725 - INFO - Updating only date: 2024-01-31 13:19:28
2024-01-31 13:19:29,727 - INFO - Scan complete. Results updated in /root/spoof_fita/network_scan_results.json
2024-01-31 13:21:53,581 - INFO - IP in previous results: 10.0.0.123. MAC: 98:54:1b:c6:05:e8. MACn: 98:54:1b:c6:05:e8
2024-01-31 13:21:53,582 - INFO - Updating only date: 2024-01-31 13:21:53
2024-01-31 13:21:53,588 - INFO - IP in previous results: 10.0.0.157. MAC: 00:d4:9e:43:0c:c4. MACn: 00:d4:9e:43:0c:c4
2024-01-31 13:21:53,588 - INFO - Updating only date: 2024-01-31 13:21:53
2024-01-31 13:21:53,595 - INFO - IP in previous results: 10.0.0.250. MAC: 48:8d:36:51:5b:3f. MACn: 48:8d:36:51:5b:3f
2024-01-31 13:21:53,595 - INFO - Updating only date: 2024-01-31 13:21:53
2024-01-31 13:21:53,601 - INFO - IP in previous results: 10.0.0.27. MAC: a0:88:69:5e:0c:d1. MACn: a0:88:69:5e:0c:d1
2024-01-31 13:21:53,602 - INFO - Updating only date: 2024-01-31 13:21:53
2024-01-31 13:21:53,604 - INFO - Scan complete. Results updated in /root/spoof_fita/network_scan_results.json
2024-01-31 13:22:36,265 - INFO - Error during scan: [Errno 13] Permission denied: '/root/spoof_fita/network_scan_results.json'
2024-01-31 13:23:44,400 - INFO - Error during scan: [Errno 13] Permission denied: '/root/spoof_fita/network_scan_results.json'
2024-01-31 13:24:51,072 - INFO - Error during scan: [Errno 13] Permission denied: '/root/spoof_fita/network_scan_results.json'
2024-01-31 13:25:57,909 - INFO - Error during scan: [Errno 13] Permission denied: '/root/spoof_fita/network_scan_results.json'
2024-01-31 13:27:23,844 - INFO - IP in previous results: 10.0.0.123. MAC: 98:54:1b:c6:05:e8. MACn: 98:54:1b:c6:05:e8
2024-01-31 13:27:23,844 - INFO - Updating only date: 2024-01-31 13:27:23
2024-01-31 13:27:23,851 - INFO - IP in previous results: 10.0.0.156. MAC: a4:83:e7:c5:16:2a. MACn: a4:83:e7:c5:16:2a
2024-01-31 13:27:23,851 - INFO - Updating only date: 2024-01-31 13:27:23
2024-01-31 13:27:23,858 - INFO - IP in previous results: 10.0.0.157. MAC: 00:d4:9e:43:0c:c4. MACn: 00:d4:9e:43:0c:c4
2024-01-31 13:27:23,858 - INFO - Updating only date: 2024-01-31 13:27:23
2024-01-31 13:27:23,864 - INFO - IP in previous results: 10.0.0.250. MAC: 48:8d:36:51:5b:3f. MACn: 48:8d:36:51:5b:3f
2024-01-31 13:27:23,865 - INFO - Updating only date: 2024-01-31 13:27:23
2024-01-31 13:27:23,871 - INFO - IP in previous results: 10.0.0.27. MAC: a0:88:69:5e:0c:d1. MACn: a0:88:69:5e:0c:d1
2024-01-31 13:27:23,871 - INFO - Updating only date: 2024-01-31 13:27:23
2024-01-31 13:27:23,872 - INFO - Scan complete. Results updated in /root/spoof_fita/network_scan_results.json
2024-01-31 13:28:26,656 - INFO - IP in previous results: 10.0.0.123. MAC: 98:54:1b:c6:05:e8. MACn: 98:54:1b:c6:05:e8
2024-01-31 13:28:26,657 - INFO - Updating only date: 2024-01-31 13:28:26
2024-01-31 13:28:26,663 - INFO - IP in previous results: 10.0.0.250. MAC: 48:8d:36:51:5b:3f. MACn: 48:8d:36:51:5b:3f
2024-01-31 13:28:26,663 - INFO - Updating only date: 2024-01-31 13:28:26
2024-01-31 13:28:26,669 - INFO - IP in previous results: 10.0.0.27. MAC: a0:88:69:5e:0c:d1. MACn: a0:88:69:5e:0c:d1
2024-01-31 13:28:26,669 - INFO - Updating only date: 2024-01-31 13:28:26
2024-01-31 13:28:26,670 - INFO - Scan complete. Results updated in /root/spoof_fita/network_scan_results.json
2024-01-31 13:29:32,679 - INFO - IP in previous results: 10.0.0.123. MAC: 98:54:1b:c6:05:e8. MACn: 98:54:1b:c6:05:e8
2024-01-31 13:29:32,680 - INFO - Updating only date: 2024-01-31 13:29:32
2024-01-31 13:29:32,686 - INFO - IP in previous results: 10.0.0.141. MAC: 0e:13:ec:d0:04:87. MACn: 0e:13:ec:d0:04:87
2024-01-31 13:29:32,686 - INFO - Updating only date: 2024-01-31 13:29:32
2024-01-31 13:29:32,694 - INFO - IP in previous results: 10.0.0.156. MAC: a4:83:e7:c5:16:2a. MACn: a4:83:e7:c5:16:2a
2024-01-31 13:29:32,694 - INFO - Updating only date: 2024-01-31 13:29:32
2024-01-31 13:29:32,705 - INFO - IP in previous results: 10.0.0.157. MAC: 00:d4:9e:43:0c:c4. MACn: 00:d4:9e:43:0c:c4
2024-01-31 13:29:32,705 - INFO - Updating only date: 2024-01-31 13:29:32
2024-01-31 13:29:32,712 - INFO - IP in previous results: 10.0.0.250. MAC: 48:8d:36:51:5b:3f. MACn: 48:8d:36:51:5b:3f
2024-01-31 13:29:32,713 - INFO - Updating only date: 2024-01-31 13:29:32
2024-01-31 13:29:32,719 - INFO - IP in previous results: 10.0.0.27. MAC: a0:88:69:5e:0c:d1. MACn: a0:88:69:5e:0c:d1
2024-01-31 13:29:32,720 - INFO - Updating only date: 2024-01-31 13:29:32
2024-01-31 13:29:32,722 - INFO - Scan complete. Results updated in /root/spoof_fita/network_scan_results.json
2024-01-31 13:30:36,669 - INFO - IP in previous results: 10.0.0.123. MAC: 98:54:1b:c6:05:e8. MACn: 98:54:1b:c6:05:e8
2024-01-31 13:30:36,670 - INFO - Updating only date: 2024-01-31 13:30:36
2024-01-31 13:30:36,676 - INFO - IP in previous results: 10.0.0.141. MAC: 0e:13:ec:d0:04:87. MACn: 0e:13:ec:d0:04:87
2024-01-31 13:30:36,676 - INFO - Updating only date: 2024-01-31 13:30:36
2024-01-31 13:30:36,682 - INFO - IP in previous results: 10.0.0.156. MAC: a4:83:e7:c5:16:2a. MACn: a4:83:e7:c5:16:2a
2024-01-31 13:30:36,682 - INFO - Updating only date: 2024-01-31 13:30:36
2024-01-31 13:30:36,687 - INFO - IP in previous results: 10.0.0.157. MAC: 00:d4:9e:43:0c:c4. MACn: 00:d4:9e:43:0c:c4
2024-01-31 13:30:36,687 - INFO - Updating only date: 2024-01-31 13:30:36
2024-01-31 13:30:36,693 - INFO - IP in previous results: 10.0.0.250. MAC: 48:8d:36:51:5b:3f. MACn: 48:8d:36:51:5b:3f
2024-01-31 13:30:36,693 - INFO - Updating only date: 2024-01-31 13:30:36
2024-01-31 13:30:36,700 - INFO - IP in previous results: 10.0.0.27. MAC: a0:88:69:5e:0c:d1. MACn: a0:88:69:5e:0c:d1
2024-01-31 13:30:36,700 - INFO - Updating only date: 2024-01-31 13:30:36
2024-01-31 13:30:36,702 - INFO - Scan complete. Results updated in /root/spoof_fita/network_scan_results.json
2024-01-31 13:31:42,637 - INFO - IP in previous results: 10.0.0.123. MAC: 98:54:1b:c6:05:e8. MACn: 98:54:1b:c6:05:e8
2024-01-31 13:31:42,637 - INFO - Updating only date: 2024-01-31 13:31:42
2024-01-31 13:31:42,643 - INFO - IP in previous results: 10.0.0.141. MAC: 0e:13:ec:d0:04:87. MACn: 0e:13:ec:d0:04:87
2024-01-31 13:31:42,644 - INFO - Updating only date: 2024-01-31 13:31:42
2024-01-31 13:31:42,650 - INFO - IP in previous results: 10.0.0.156. MAC: a4:83:e7:c5:16:2a. MACn: a4:83:e7:c5:16:2a
2024-01-31 13:31:42,650 - INFO - Updating only date: 2024-01-31 13:31:42
2024-01-31 13:31:42,655 - INFO - IP in previous results: 10.0.0.250. MAC: 48:8d:36:51:5b:3f. MACn: 48:8d:36:51:5b:3f
2024-01-31 13:31:42,655 - INFO - Updating only date: 2024-01-31 13:31:42
2024-01-31 13:31:42,660 - INFO - IP in previous results: 10.0.0.27. MAC: a0:88:69:5e:0c:d1. MACn: a0:88:69:5e:0c:d1
2024-01-31 13:31:42,660 - INFO - Updating only date: 2024-01-31 13:31:42
2024-01-31 13:31:42,661 - INFO - Scan complete. Results updated in /root/spoof_fita/network_scan_results.json
2024-01-31 13:32:51,537 - INFO - IP in previous results: 10.0.0.123. MAC: 98:54:1b:c6:05:e8. MACn: 98:54:1b:c6:05:e8
2024-01-31 13:32:51,537 - INFO - Updating only date: 2024-01-31 13:32:51
2024-01-31 13:32:51,543 - INFO - IP in previous results: 10.0.0.141. MAC: 0e:13:ec:d0:04:87. MACn: 0e:13:ec:d0:04:87
2024-01-31 13:32:51,543 - INFO - Updating only date: 2024-01-31 13:32:51
2024-01-31 13:32:51,549 - INFO - IP in previous results: 10.0.0.156. MAC: a4:83:e7:c5:16:2a. MACn: a4:83:e7:c5:16:2a
2024-01-31 13:32:51,549 - INFO - Updating only date: 2024-01-31 13:32:51
2024-01-31 13:32:51,556 - INFO - IP in previous results: 10.0.0.157. MAC: 00:d4:9e:43:0c:c4. MACn: 00:d4:9e:43:0c:c4
2024-01-31 13:32:51,556 - INFO - Updating only date: 2024-01-31 13:32:51
2024-01-31 13:32:51,561 - INFO - IP in previous results: 10.0.0.250. MAC: 48:8d:36:51:5b:3f. MACn: 48:8d:36:51:5b:3f
2024-01-31 13:32:51,561 - INFO - Updating only date: 2024-01-31 13:32:51
2024-01-31 13:32:51,567 - INFO - IP in previous results: 10.0.0.27. MAC: a0:88:69:5e:0c:d1. MACn: a0:88:69:5e:0c:d1
2024-01-31 13:32:51,567 - INFO - Updating only date: 2024-01-31 13:32:51
2024-01-31 13:32:51,568 - INFO - Scan complete. Results updated in /root/spoof_fita/network_scan_results.json
2024-01-31 13:39:09,206 - INFO - IP in previous results: 10.0.0.123. MAC: 98:54:1b:c6:05:e8. MACn: 98:54:1b:c6:05:e8
2024-01-31 13:39:09,207 - INFO - Updating only date: 2024-01-31 13:39:09
2024-01-31 13:39:09,214 - INFO - IP in previous results: 10.0.0.141. MAC: 0e:13:ec:d0:04:87. MACn: 0e:13:ec:d0:04:87
2024-01-31 13:39:09,216 - INFO - Updating only date: 2024-01-31 13:39:09
2024-01-31 13:39:09,222 - INFO - IP in previous results: 10.0.0.156. MAC: a4:83:e7:c5:16:2a. MACn: a4:83:e7:c5:16:2a
2024-01-31 13:39:09,223 - INFO - Updating only date: 2024-01-31 13:39:09
2024-01-31 13:39:09,229 - INFO - IP in previous results: 10.0.0.157. MAC: 00:d4:9e:43:0c:c4. MACn: 00:d4:9e:43:0c:c4
2024-01-31 13:39:09,230 - INFO - Updating only date: 2024-01-31 13:39:09
2024-01-31 13:39:09,236 - INFO - IP in previous results: 10.0.0.250. MAC: 48:8d:36:51:5b:3f. MACn: 48:8d:36:51:5b:3f
2024-01-31 13:39:09,237 - INFO - Updating only date: 2024-01-31 13:39:09
2024-01-31 13:39:09,243 - INFO - IP in previous results: 10.0.0.27. MAC: a0:88:69:5e:0c:d1. MACn: a0:88:69:5e:0c:d1
2024-01-31 13:39:09,244 - INFO - Updating only date: 2024-01-31 13:39:09
2024-01-31 13:39:09,246 - INFO - Scan complete. Results updated in /root/spoof_fita/network_scan_results.json
2024-01-31 13:40:12,698 - INFO - IP in previous results: 10.0.0.123. MAC: 98:54:1b:c6:05:e8. MACn: 98:54:1b:c6:05:e8
2024-01-31 13:40:12,699 - INFO - Updating only date: 2024-01-31 13:40:12
2024-01-31 13:40:12,704 - INFO - IP in previous results: 10.0.0.141. MAC: 0e:13:ec:d0:04:87. MACn: 0e:13:ec:d0:04:87
2024-01-31 13:40:12,705 - INFO - Updating only date: 2024-01-31 13:40:12
2024-01-31 13:40:12,710 - INFO - IP in previous results: 10.0.0.156. MAC: a4:83:e7:c5:16:2a. MACn: a4:83:e7:c5:16:2a
2024-01-31 13:40:12,711 - INFO - Updating only date: 2024-01-31 13:40:12
2024-01-31 13:40:12,716 - INFO - IP in previous results: 10.0.0.157. MAC: 00:d4:9e:43:0c:c4. MACn: 00:d4:9e:43:0c:c4
2024-01-31 13:40:12,716 - INFO - Updating only date: 2024-01-31 13:40:12
2024-01-31 13:40:12,723 - INFO - IP in previous results: 10.0.0.250. MAC: 48:8d:36:51:5b:3f. MACn: 48:8d:36:51:5b:3f
2024-01-31 13:40:12,723 - INFO - Updating only date: 2024-01-31 13:40:12
2024-01-31 13:40:12,728 - INFO - IP in previous results: 10.0.0.27. MAC: a0:88:69:5e:0c:d1. MACn: a0:88:69:5e:0c:d1
2024-01-31 13:40:12,729 - INFO - Updating only date: 2024-01-31 13:40:12
2024-01-31 13:40:12,730 - INFO - Scan complete. Results updated in /root/spoof_fita/network_scan_results.json
2024-01-31 13:41:15,961 - INFO - IP in previous results: 10.0.0.123. MAC: 98:54:1b:c6:05:e8. MACn: 98:54:1b:c6:05:e8
2024-01-31 13:41:15,961 - INFO - Updating only date: 2024-01-31 13:41:15
2024-01-31 13:41:15,967 - INFO - IP in previous results: 10.0.0.141. MAC: 0e:13:ec:d0:04:87. MACn: 0e:13:ec:d0:04:87
2024-01-31 13:41:15,967 - INFO - Updating only date: 2024-01-31 13:41:15
2024-01-31 13:41:15,973 - INFO - IP in previous results: 10.0.0.156. MAC: a4:83:e7:c5:16:2a. MACn: a4:83:e7:c5:16:2a
2024-01-31 13:41:15,973 - INFO - Updating only date: 2024-01-31 13:41:15
2024-01-31 13:41:15,979 - INFO - IP in previous results: 10.0.0.157. MAC: 00:d4:9e:43:0c:c4. MACn: 00:d4:9e:43:0c:c4
2024-01-31 13:41:15,979 - INFO - Updating only date: 2024-01-31 13:41:15
2024-01-31 13:41:15,987 - INFO - IP in previous results: 10.0.0.250. MAC: 48:8d:36:51:5b:3f. MACn: 48:8d:36:51:5b:3f
2024-01-31 13:41:15,987 - INFO - Updating only date: 2024-01-31 13:41:15
2024-01-31 13:41:15,993 - INFO - IP in previous results: 10.0.0.27. MAC: a0:88:69:5e:0c:d1. MACn: a0:88:69:5e:0c:d1
2024-01-31 13:41:15,994 - INFO - Updating only date: 2024-01-31 13:41:15
2024-01-31 13:41:15,995 - INFO - Scan complete. Results updated in /root/spoof_fita/network_scan_results.json
